Started by GitHub push by AvaTTaR
[Pipeline] Start of Pipeline
[Pipeline] node
Running on Jenkins in /var/lib/jenkins/workspace/Scripted
[Pipeline] {
[Pipeline] tool
[Pipeline] properties
[Pipeline] stage
[Pipeline] { (Checkout)
[Pipeline] git
The recommended git tool is: git
No credentials specified
 > git rev-parse --resolve-git-dir /var/lib/jenkins/workspace/Scripted/.git # timeout=10
Fetching changes from the remote Git repository
 > git config remote.origin.url https://github.com/AvaTTaR/mdt # timeout=10
Fetching upstream changes from https://github.com/AvaTTaR/mdt
 > git --version # timeout=10
 > git --version # 'git version 2.25.1'
 > git fetch --tags --force --progress -- https://github.com/AvaTTaR/mdt +refs/heads/*:refs/remotes/origin/* # timeout=10
 > git rev-parse refs/remotes/origin/master^{commit} # timeout=10
Checking out Revision ad8c7ad7cb2e1a374d86ca29492234912c093e5c (refs/remotes/origin/master)
 > git config core.sparsecheckout # timeout=10
 > git checkout -f ad8c7ad7cb2e1a374d86ca29492234912c093e5c # timeout=10
 > git branch -a -v --no-abbrev # timeout=10
 > git branch -D master # timeout=10
 > git checkout -b master ad8c7ad7cb2e1a374d86ca29492234912c093e5c # timeout=10
Commit message: "Update README.md"
 > git rev-list --no-walk 955d94524f812630d76ee8f9c6214323629fa03f # timeout=10
[Pipeline] }
[Pipeline] // stage
[Pipeline] parallel
[Pipeline] { (Branch: JS preparing)
[Pipeline] { (Branch: CSS preparing)
[Pipeline] stage
[Pipeline] { (JS preparing)
[Pipeline] stage
[Pipeline] { (CSS preparing)
[Pipeline] sh
[Pipeline] sh
+ /var/lib/jenkins/tools/jenkins.plugins.nodejs.tools.NodeJSInstallation/nodejs/bin/uglifyjs -o www/min/merged-and-compressed.js --compress
+ cat www/js/init.js www/js/jquery-2.1.1.min.js www/js/materialize.js www/js/materialize.min.js www/js/modernizr.js
+ /var/lib/jenkins/tools/jenkins.plugins.nodejs.tools.NodeJSInstallation/nodejs/bin/cleancss -o www/min/merged-and-minified.css
+ cat www/css/font-awesome.min.css www/css/materialize.css www/css/materialize.min.css www/css/style.css
[Pipeline] }
[Pipeline] // stage
[Pipeline] }
[Pipeline] }
[Pipeline] // stage
[Pipeline] }
[Pipeline] // parallel
[Pipeline] stage
[Pipeline] { (Archiving)
[Pipeline] sh
+ tar --exclude=.git --exclude=www/js --exclude=www/css -czvf /tmp/result.tar.gz .
./
./www/
./www/contact.php
./www/font/
./www/font/material-design-icons/
./www/font/material-design-icons/Material-Design-Icons.woff2
./www/font/material-design-icons/LICENSE.txt
./www/font/material-design-icons/Material-Design-Icons.woff
./www/font/material-design-icons/Material-Design-Icons.eot
./www/font/material-design-icons/Material-Design-Icons.svg
./www/font/material-design-icons/Material-Design-Icons.ttf
./www/font/roboto/
./www/font/roboto/Roboto-Bold.woff
./www/font/roboto/Roboto-Light.ttf
./www/font/roboto/Roboto-Bold.woff2
./www/font/roboto/Roboto-Thin.woff
./www/font/roboto/Roboto-Regular.woff
./www/font/roboto/Roboto-Light.woff2
./www/font/roboto/Roboto-Regular.woff2
./www/font/roboto/Roboto-Thin.ttf
./www/font/roboto/Roboto-Light.woff
./www/font/roboto/Roboto-Medium.ttf
./www/font/roboto/Roboto-Medium.woff
./www/font/roboto/Roboto-Medium.woff2
./www/font/roboto/Roboto-Thin.woff2
./www/font/roboto/Roboto-Regular.ttf
./www/font/roboto/Roboto-Bold.ttf
./www/min/
./www/min/merged-and-compressed.js
./www/min/merged-and-minified.css
./www/min/custom-min.js
./www/min/custom-min.css
./www/min/plugin-min.js
./www/min/plugin-min.css
./www/fonts/
./www/fonts/fontawesome-webfont.ttf
./www/fonts/fontawesome-webfont.svg
./www/fonts/fontawesome-webfont.woff
./www/fonts/FontAwesome.otf
./www/fonts/fontawesome-webfont.eot
./www/favicon.ico
./www/index.html
./www/img/
./www/img/project2.jpeg
./www/img/parallax1.png
./www/img/project4.jpg
./www/img/project5.png
./www/img/avatar3.png
./www/img/project6.jpeg
./www/img/avatar1.png
./www/img/avatar4.png
./www/img/project1.jpg
./www/img/avatar2.png
./www/img/project3.png
./.gitattributes
./scripted.Jenkinsfile
./README.md
./Jenkinsfile
./Week2_CI_CD_tools/
./Week2_CI_CD_tools/1_plugins_install.png
./Week2_CI_CD_tools/9_artifacts.png
./Week2_CI_CD_tools/5_add_node_final.png
./Week2_CI_CD_tools/4_add_node_conf.png
./Week2_CI_CD_tools/7_add_mda_project.png
./Week2_CI_CD_tools/2_node_add_1.png
./Week2_CI_CD_tools/8_build_log.png
./Week2_CI_CD_tools/9_project_in_folder.png
./Week2_CI_CD_tools/6_nodejs.png
./Week2_CI_CD_tools/7_test_webhook.png
./Week2_CI_CD_tools/README.md
./Week2_CI_CD_tools/8_add_mp_mda_config.png
./Week2_CI_CD_tools/3_add_node_cred.png
./.gitignore
[Pipeline] }
[Pipeline] // stage
[Pipeline] stage
[Pipeline] { (Deploy)
[Pipeline] sh
+ curl -uavattargrey@gmail.com:AP6NqZhP6c5heJFN2okV4fyR3KR -T /tmp/result.tar.gz https://avattar.jfrog.io/artifactory/default-generic-local/result_v_51.tar.gz
  % Total    % Received % Xferd  Average Speed   Time    Time     Time  Current
                                 Dload  Upload   Total   Spent    Left  Speed

  0     0    0     0    0     0      0      0 --:--:-- --:--:-- --:--:--     0
100 4611k    0   727  100 4610k   1120  7104k --:--:-- --:--:-- --:--:-- 7094k
100 4611k    0   727  100 4610k   1120  7104k --:--:-- --:--:-- --:--:-- 7094k
{
  "repo" : "default-generic-local",
  "path" : "/result_v_51.tar.gz",
  "created" : "2021-10-16T15:07:41.822Z",
  "createdBy" : "avattargrey@gmail.com",
  "downloadUri" : "https://avattar.jfrog.io/artifactory/default-generic-local/result_v_51.tar.gz",
  "mimeType" : "application/x-gzip",
  "size" : "4721466",
  "checksums" : {
    "sha1" : "9a722e7ea0ea967f81bb398779fa57145dc65245",
    "md5" : "a27836c2535961a8b9fa4a07fafe11c1",
    "sha256" : "490e5fc04a659e097c353279f90c79929d017946df09a1e77e6b5c87733e4efe"
  },
  "originalChecksums" : {
    "sha256" : "490e5fc04a659e097c353279f90c79929d017946df09a1e77e6b5c87733e4efe"
  },
  "uri" : "https://avattar.jfrog.io/artifactory/default-generic-local/result_v_51.tar.gz"
}
[Pipeline] }
[Pipeline] // stage
[Pipeline] }
[Pipeline] // node
[Pipeline] End of Pipeline
Finished: SUCCESS